2024-06-13 13:49:17,105 WARNING  BMTools is not installed, tools in the simulation environment cannot be used. To install BMTools, please follow the instruction in the README.md file. If you aren't running a *simulation* case with tool, you can ignore this warning.
2024-06-13 13:49:51,742 WARNING  BMTools is not installed, tools in the simulation environment cannot be used. To install BMTools, please follow the instruction in the README.md file. If you aren't running a *simulation* case with tool, you can ignore this warning.
2024-06-13 13:51:08,553 WARNING  BMTools is not installed, tools in the simulation environment cannot be used. To install BMTools, please follow the instruction in the README.md file. If you aren't running a *simulation* case with tool, you can ignore this warning.
2024-06-13 13:51:33,217 WARNING  BMTools is not installed, tools in the simulation environment cannot be used. To install BMTools, please follow the instruction in the README.md file. If you aren't running a *simulation* case with tool, you can ignore this warning.
2024-06-13 13:51:52,448 WARNING  BMTools is not installed, tools in the simulation environment cannot be used. To install BMTools, please follow the instruction in the README.md file. If you aren't running a *simulation* case with tool, you can ignore this warning.
2024-06-13 13:52:05,061 WARNING  BMTools is not installed, tools in the simulation environment cannot be used. To install BMTools, please follow the instruction in the README.md file. If you aren't running a *simulation* case with tool, you can ignore this warning.
2024-06-13 13:52:54,130 WARNING  BMTools is not installed, tools in the simulation environment cannot be used. To install BMTools, please follow the instruction in the README.md file. If you aren't running a *simulation* case with tool, you can ignore this warning.
2024-06-13 13:53:22,113 WARNING  BMTools is not installed, tools in the simulation environment cannot be used. To install BMTools, please follow the instruction in the README.md file. If you aren't running a *simulation* case with tool, you can ignore this warning.
2024-06-13 13:54:23,785 WARNING  BMTools is not installed, tools in the simulation environment cannot be used. To install BMTools, please follow the instruction in the README.md file. If you aren't running a *simulation* case with tool, you can ignore this warning.
2024-06-13 13:54:40,345 WARNING  BMTools is not installed, tools in the simulation environment cannot be used. To install BMTools, please follow the instruction in the README.md file. If you aren't running a *simulation* case with tool, you can ignore this warning.
2024-06-13 13:55:10,702 WARNING  BMTools is not installed, tools in the simulation environment cannot be used. To install BMTools, please follow the instruction in the README.md file. If you aren't running a *simulation* case with tool, you can ignore this warning.
2024-06-13 13:57:01,311 WARNING  BMTools is not installed, tools in the simulation environment cannot be used. To install BMTools, please follow the instruction in the README.md file. If you aren't running a *simulation* case with tool, you can ignore this warning.
2024-06-13 13:57:07,686 INFO  Total spent: $0.0011330000000000001
2024-06-13 13:59:58,183 WARNING  BMTools is not installed, tools in the simulation environment cannot be used. To install BMTools, please follow the instruction in the README.md file. If you aren't running a *simulation* case with tool, you can ignore this warning.
2024-06-13 14:00:05,119 INFO  Total spent: $0.0011330000000000001
2024-06-13 14:00:15,277 WARNING  BMTools is not installed, tools in the simulation environment cannot be used. To install BMTools, please follow the instruction in the README.md file. If you aren't running a *simulation* case with tool, you can ignore this warning.
2024-06-13 14:00:18,633 WARNING  BMTools is not installed, tools in the simulation environment cannot be used. To install BMTools, please follow the instruction in the README.md file. If you aren't running a *simulation* case with tool, you can ignore this warning.
2024-06-13 14:00:27,102 INFO  Total spent: $0.0011330000000000001
2024-06-13 14:00:47,442 WARNING  BMTools is not installed, tools in the simulation environment cannot be used. To install BMTools, please follow the instruction in the README.md file. If you aren't running a *simulation* case with tool, you can ignore this warning.
2024-06-13 14:00:53,277 INFO  Total spent: $0.001113
2024-06-13 14:01:13,561 WARNING  BMTools is not installed, tools in the simulation environment cannot be used. To install BMTools, please follow the instruction in the README.md file. If you aren't running a *simulation* case with tool, you can ignore this warning.
2024-06-13 14:01:18,155 INFO  Total spent: $0.001113
2024-06-13 14:02:01,272 WARNING  BMTools is not installed, tools in the simulation environment cannot be used. To install BMTools, please follow the instruction in the README.md file. If you aren't running a *simulation* case with tool, you can ignore this warning.
2024-06-13 14:02:06,157 INFO  Total spent: $0.001113
2024-06-13 14:02:40,752 WARNING  BMTools is not installed, tools in the simulation environment cannot be used. To install BMTools, please follow the instruction in the README.md file. If you aren't running a *simulation* case with tool, you can ignore this warning.
2024-06-13 14:02:45,885 INFO  Total spent: $0.001113
2024-06-13 14:02:52,169 INFO  Total spent: $0.0024205
2024-06-13 14:02:55,198 INFO  Total spent: $0.0036420000000000003
2024-06-13 14:03:01,676 INFO  Total spent: $0.0050125000000000005
2024-06-13 14:03:28,266 WARNING  BMTools is not installed, tools in the simulation environment cannot be used. To install BMTools, please follow the instruction in the README.md file. If you aren't running a *simulation* case with tool, you can ignore this warning.
2024-06-13 14:11:56,751 WARNING  BMTools is not installed, tools in the simulation environment cannot be used. To install BMTools, please follow the instruction in the README.md file. If you aren't running a *simulation* case with tool, you can ignore this warning.
2024-06-13 14:11:59,580 INFO  Tick tock. Current time: 2022-06-24 22:00:00
2024-06-13 14:12:05,796 INFO  a***l: The Supreme Court's decision to overturn Roe v. Wade is a devastating blow to reproductive rights in America. We must fight for bodily autonomy and access to safe and legal abortion. #MyBodyMyChoice
2024-06-13 14:12:05,796 INFO  H***t: The Supreme Court's decision to overturn Roe v. Wade is a devastating blow to reproductive rights. It threatens to restrict access to safe and legal abortions in many states. We must stand up and fight for the right to choose. #ReproductiveRights #StandWithWomen
2024-06-13 14:12:05,796 INFO  P***n: Retweets a tweet of [ACLU]: 'BREAKING: The Supreme Court overturns Roe v. Wade, effectively ending nearly 50 years of federally guaranteed access to abortion. This is a major setback for women's rights. #ReproductiveRights #MyBodyMyChoice' with additional statements: This is a devastating blow to reproductive rights in our country. We must keep fighting for access to safe and legal abortion. #ReproductiveJustice.
2024-06-13 14:12:07,310 INFO  Tick tock. Current time: 2022-06-25 10:00:00
2024-06-13 14:12:17,154 INFO  P***n Insights: ['The Supreme Court has overturned Roe v. Wade, effectively ending federally guaranteed access to abortion.', "Chief Justice John Roberts joined the conservative justices in the decision to uphold Mississippi's law.", 'The decision is expected to lead to abortion bans in roughly half the states in the nation.', "The overturning of Roe v. Wade is seen as a major setback for women's rights and reproductive rights in the country.", 'There is a call to continue fighting for access to safe and legal abortion and for reproductive justice.']
2024-06-13 14:13:11,549 INFO  H***t Insights: ['The Supreme Court has made a decision to overturn Roe v. Wade.', 'The decision was supported by Chief Justice John Roberts and the conservative justices.', 'The decision is expected to lead to abortion bans in approximately half of the states.', "The decision is seen as a major setback for women's rights.", 'There is a call to action to continue fighting for access to safe and legal abortion.']
2024-06-13 14:13:32,850 INFO  a***l Insights: ["The Supreme Court's decision to overturn Roe v. Wade means that access to safe and legal abortion will be severely restricted in America.", "The decision was made with the support of Chief Justice John Roberts, suggesting a conservative shift in the Court's ideology.", "The decision in Mississippi's case is expected to have far-reaching implications, potentially leading to abortion bans in roughly half of the states.", 'The decision represents a significant setback for reproductive rights and bodily autonomy in America.', 'The dissenting opinion of Chief Justice John Roberts indicates that there may be some ongoing debate and discussion surrounding the future of Roe v. Wade.']
2024-06-13 14:13:44,561 INFO  P***n: Retweets a tweet of [a***l]: 'The Supreme Court's decision to overturn Roe v. Wade is a devastating blow to reproductive rights in America. We must fight for bodily autonomy and access to safe and legal abortion. #MyBodyMyChoice'.
2024-06-13 14:13:44,561 INFO  H***t: This decision by the Supreme Court is a direct attack on women's rights. It's devastating to think about the impact it will have on individuals who need access to safe and legal abortion. We can't stay silent, we must keep fighting. #ReproductiveRights #StandWithWomen
2024-06-13 14:13:44,561 INFO  a***l: Retweets a tweet of [The Supreme Court]: 'Retweets a tweet of [ACLU]: 'BREAKING: The Supreme Court overturns Roe v. Wade, effectively ending nearly 50 years of federally guaranteed access to abortion. This is a major setback for women's rights. #ReproductiveRights #MyBodyMyChoice' with additional statements: This is a devastating blow to reproductive rights in our country. We must keep fighting for access to safe and legal abortion. #ReproductiveJustice.'.
2024-06-13 14:13:46,065 INFO  Tick tock. Current time: 2022-06-25 22:00:00
2024-06-13 14:13:54,445 INFO  a***l Insights: ["The Supreme Court's decision to overturn Roe v. Wade is expected to result in abortion bans in approximately half of the states", "Chief Justice John Roberts supported the decision to overturn Roe v. Wade, suggesting a conservative shift in the Court's ideology", "The decision is a major setback for women's rights and reproductive rights in America", "Access to safe and legal abortion will be severely restricted as a result of the Supreme Court's decision", "Chief Justice John Roberts' dissenting opinion indicates ongoing debate and discussion surrounding the future of Roe v. Wade"]
2024-06-13 14:14:21,867 INFO  P***n Insights: ['Wade, effectively ending federally guaranteed access to abortion.', "Wade is seen as a major setback for women's rights and reproductive rights in the country."]
2024-06-13 14:14:34,190 INFO  H***t Insights: ["The Supreme Court's decision to overturn Roe v. Wade is a major setback for reproductive rights in the United States.", 'The decision is expected to result in abortion bans in approximately half of the states.', 'There is a strong call to action to continue fighting for access to safe and legal abortion.', "The decision is seen as a direct attack on women's rights.", 'The decision has sparked widespread concern and frustration among advocates for reproductive rights.']
2024-06-13 14:14:51,880 INFO  a***l: Retweets a tweet of [The Supreme Court]: 'Retweets a tweet of [The Supreme Court]: 'Retweets a tweet of [ACLU]: 'BREAKING: The Supreme Court overturns Roe v. Wade, effectively ending nearly 50 years of federally guaranteed access to abortion. This is a major setback for women's rights. #ReproductiveRights #MyBodyMyChoice' with additional statements: This is a devastating blow to reproductive rights in our country. We must keep fighting for access to safe and legal abortion. #ReproductiveJustice.'.'.
2024-06-13 14:14:51,880 INFO  P***n: Retweets a tweet of [a***l]: 'Retweets a tweet of [a***l]: 'The Supreme Court's decision to overturn Roe v. Wade is a devastating blow to reproductive rights in America. We must fight for bodily autonomy and access to safe and legal abortion. #MyBodyMyChoice'.' with additional statements: This is a devastating blow to reproductive rights. We must keep fighting for access to safe and legal abortion. #ReproductiveJustice.
2024-06-13 14:14:51,880 INFO  H***t: H***t replies to [P***n]: This decision is a direct attack on women's rights and a devastating blow to reproductive rights. We must stand together and fight for bodily autonomy and access to safe and legal abortion. #MyBodyMyChoice.
2024-06-13 14:14:53,376 INFO  Total spent: $0.049273000000000004
2024-06-13 14:15:18,253 WARNING  BMTools is not installed, tools in the simulation environment cannot be used. To install BMTools, please follow the instruction in the README.md file. If you aren't running a *simulation* case with tool, you can ignore this warning.
2024-06-16 14:59:51,249 WARNING  BMTools is not installed, tools in the simulation environment cannot be used. To install BMTools, please follow the instruction in the README.md file. If you aren't running a *simulation* case with tool, you can ignore this warning.
2024-06-16 15:01:15,278 WARNING  BMTools is not installed, tools in the simulation environment cannot be used. To install BMTools, please follow the instruction in the README.md file. If you aren't running a *simulation* case with tool, you can ignore this warning.
2024-06-16 15:05:37,351 WARNING  BMTools is not installed, tools in the simulation environment cannot be used. To install BMTools, please follow the instruction in the README.md file. If you aren't running a *simulation* case with tool, you can ignore this warning.
2024-06-16 15:05:40,111 INFO  Tick tock. Current time: 2022-06-24 22:00:00
2024-06-16 15:05:45,269 INFO  a***l: The Supreme Court's decision to overturn Roe v. Wade is a devastating blow to reproductive rights. This decision will have severe consequences for women's health and autonomy. We must continue to fight for the right to choose and ensure access to safe and legal abortion. #ReproductiveRights #MyBodyMyChoice
2024-06-16 15:05:45,269 INFO  H***t: The Supreme Court's decision to overturn Roe v. Wade is a devastating blow to reproductive rights. This will have serious consequences for women's health and autonomy. We must continue to fight for the right to choose. #ReproductiveRights #StandWithWomen
2024-06-16 15:05:45,270 INFO  P***n: The Supreme Court's decision to overturn Roe v. Wade is a devastating blow to reproductive rights. We must continue to fight for bodily autonomy and access to safe and legal abortion. #ReproductiveRights #MyBodyMyChoice
2024-06-16 15:06:17,980 WARNING  BMTools is not installed, tools in the simulation environment cannot be used. To install BMTools, please follow the instruction in the README.md file. If you aren't running a *simulation* case with tool, you can ignore this warning.
2024-06-16 15:06:20,450 INFO  Tick tock. Current time: 2022-06-24 22:00:00
2024-06-16 15:06:53,674 INFO  a***l: The Supreme Court's decision to overturn Roe v. Wade is a devastating blow to reproductive rights. This decision will have severe consequences for women's health and autonomy. We must continue to fight for the right to choose and ensure access to safe and legal abortion. #ReproductiveRights #MyBodyMyChoice
2024-06-16 15:06:53,675 INFO  P***n: The Supreme Court's decision to overturn Roe v. Wade is a devastating blow to reproductive rights. We must continue to fight for bodily autonomy and access to safe and legal abortion. #ReproductiveRights #MyBodyMyChoice
2024-06-16 15:06:53,675 INFO  H***t: The Supreme Court's decision to overturn Roe v. Wade is a devastating blow to reproductive rights. This will have serious consequences for women's health and autonomy. We must continue to fight for the right to choose. #ReproductiveRights #StandWithWomen
2024-06-16 15:10:11,112 WARNING  BMTools is not installed, tools in the simulation environment cannot be used. To install BMTools, please follow the instruction in the README.md file. If you aren't running a *simulation* case with tool, you can ignore this warning.
2024-06-16 15:10:15,680 WARNING  BMTools is not installed, tools in the simulation environment cannot be used. To install BMTools, please follow the instruction in the README.md file. If you aren't running a *simulation* case with tool, you can ignore this warning.
2024-06-16 15:10:18,334 INFO  Tick tock. Current time: 2022-06-24 22:00:00
2024-06-16 15:10:23,200 INFO  a***l: The Supreme Court's decision to overturn Roe v. Wade is a devastating blow to reproductive rights. This decision will have severe consequences for millions of people across the country. We must continue to fight for bodily autonomy and access to safe and legal abortion. #ReproductiveRights #MyBodyMyChoice
2024-06-16 15:10:23,201 INFO  P***n: The Supreme Court's decision to overturn Roe v. Wade is a devastating blow to reproductive rights. We must continue to fight for bodily autonomy and access to safe and legal abortion. #ReproductiveRights #MyBodyMyChoice
2024-06-16 15:10:23,201 INFO  H***t: The Supreme Court's decision to overturn Roe v. Wade is a devastating blow to reproductive rights. This will have serious consequences for women's health and autonomy. We must continue to fight for the right to choose. #ReproductiveRights #StandWithWomen
2024-06-16 15:10:24,288 INFO  Tick tock. Current time: 2022-06-25 10:00:00
2024-06-16 15:10:32,830 INFO  H***t Insights: ['The Supreme Court has overturned Roe v. Wade, which guarantees access to abortion.', "Chief Justice John Roberts joined the conservative justices in the decision to uphold Mississippi's law.", 'The decision is expected to lead to abortion bans in roughly half the states in the nation.', "The decision is seen as a devastating blow to reproductive rights and women's health and autonomy.", 'There is a call to continue fighting for bodily autonomy and access to safe and legal abortion.']
2024-06-16 15:12:20,643 INFO  P***n Insights: ['The Supreme Court has made a decision to overturn Roe v. Wade, which will have significant implications for reproductive rights.', 'Chief Justice John Roberts joined the conservative justices in the decision, indicating a shift towards a more conservative stance on abortion.', 'The decision is expected to result in abortion bans in approximately half of the states in the country.', 'The overturning of Roe v. Wade is seen as a devastating blow to reproductive rights and will have severe consequences for individuals seeking access to safe and legal abortion.', 'There is a call to action to continue fighting for bodily autonomy and access to reproductive healthcare in light of this decision.']
2024-06-16 15:13:39,405 INFO  a***l Insights: ["The Supreme Court's decision to overturn Roe v. Wade is expected to result in abortion bans in approximately half of the states in the United States.", "Chief Justice John Roberts joined the conservative justices in the decision to uphold Mississippi's law, indicating a shift towards a more conservative stance on abortion rights.", 'The decision to overturn Roe v. Wade is seen as a devastating blow to reproductive rights and will have severe consequences for millions of people across the country.', 'The decision highlights the ongoing battle for bodily autonomy and access to safe and legal abortion.', 'The decision is likely to spark continued activism and advocacy for reproductive rights.']
2024-06-16 15:15:26,020 INFO  H***t: H***t replies to [P***n]: I completely agree with you. This decision is a major setback for women's rights and autonomy. We must continue to fight for the right to choose. #ReproductiveRights #StandWithWomen.
2024-06-16 15:15:26,021 INFO  P***n: Silence
2024-06-16 15:15:26,021 INFO  a***l: Retweets a tweet of [a***l]: 'The Supreme Court's decision to overturn Roe v. Wade is a devastating blow to reproductive rights. This decision will have severe consequences for millions of people across the country. We must continue to fight for bodily autonomy and access to safe and legal abortion. #ReproductiveRights #MyBodyMyChoice'.
2024-06-16 15:15:27,673 INFO  Tick tock. Current time: 2022-06-25 22:00:00
2024-06-16 15:15:34,646 INFO  a***l Insights: ["The Supreme Court's decision to overturn Roe v. Wade is a significant shift towards a more conservative stance on abortion rights", 'The decision will likely result in abortion bans in approximately half of the states in the United States', 'The decision is expected to have severe consequences for millions of people across the country, particularly in terms of limiting access to safe and legal abortion', "Chief Justice John Roberts' decision to join the conservative justices in upholding Mississippi's law indicates a shift in his stance on abortion rights", 'The decision is likely to spark continued activism and advocacy for reproductive rights']
2024-06-16 15:16:52,885 INFO  P***n Insights: ["The Supreme Court's decision to overturn Roe v. Wade is a significant shift towards a more conservative stance on abortion", 'The decision to overturn Roe v. Wade will have severe consequences for reproductive rights and access to safe and legal abortion', "Chief Justice John Roberts' decision to join the conservative justices indicates a shift in the Court's composition and potentially a more conservative approach to future cases related to reproductive rights", 'The decision is expected to lead to abortion bans in approximately half of the states in the country', "The decision to overturn Roe v. Wade is seen as a major setback for women's rights and autonomy, and there is a call to continue fighting for the right to choose"]
2024-06-16 15:18:11,082 WARNING  BMTools is not installed, tools in the simulation environment cannot be used. To install BMTools, please follow the instruction in the README.md file. If you aren't running a *simulation* case with tool, you can ignore this warning.
2024-06-16 15:18:13,754 INFO  H***t Insights: ['Wade, which guarantees access to abortion.', "Wade is seen as a devastating blow to reproductive rights and women's health and autonomy."]
2024-06-16 15:19:54,926 INFO  a***l: Silence
2024-06-16 15:19:54,926 INFO  P***n: P***n replies to [a***l]: I completely agree. This decision is a devastating blow to reproductive rights and bodily autonomy. We must continue to fight for the right to choose. #ReproductiveRights #MyBodyMyChoice.
2024-06-16 15:19:54,927 INFO  H***t: Retweets a tweet of [P***n]: 'The Supreme Court's decision to overturn Roe v. Wade is a devastating blow to reproductive rights. We must continue to fight for bodily autonomy and access to safe and legal abortion. #ReproductiveRights #MyBodyMyChoice'.
2024-06-16 15:19:56,740 INFO  Total spent: $0.049281500000000006
2024-06-16 15:20:05,691 WARNING  BMTools is not installed, tools in the simulation environment cannot be used. To install BMTools, please follow the instruction in the README.md file. If you aren't running a *simulation* case with tool, you can ignore this warning.
2024-06-16 15:20:11,383 WARNING  BMTools is not installed, tools in the simulation environment cannot be used. To install BMTools, please follow the instruction in the README.md file. If you aren't running a *simulation* case with tool, you can ignore this warning.
2024-06-16 15:20:14,061 INFO  Tick tock. Current time: 2022-06-24 22:00:00
2024-06-16 15:20:20,095 INFO  P***n: Retweets a tweet of [ACLU]: 'The Supreme Court overturns Roe v. Wade, effectively ending nearly 50 years of federally guaranteed access to abortion.' with additional statements: This decision is devastating and puts women's lives at risk. We must fight to protect reproductive rights. #SaveRoe #Resist.
2024-06-16 15:20:20,095 INFO  a***l: The Supreme Court's decision to overturn Roe v. Wade is a devastating blow to reproductive rights. This will have profound consequences for women's health and autonomy. We must continue to fight for bodily autonomy and access to safe and legal abortions. #ReproductiveRights #MyBodyMyChoice
2024-06-16 15:20:20,095 INFO  H***t: The Supreme Court's decision to overturn Roe v. Wade is devastating for women's rights and reproductive freedom. This decision threatens to take us back to a time when safe and legal abortions were not accessible for many. We must continue to fight for women's autonomy and bodily autonomy! #ReproductiveRights #StandWithWomen
2024-06-16 15:20:21,632 INFO  Tick tock. Current time: 2022-06-25 10:00:00
2024-06-16 15:20:28,666 INFO  P***n Insights: ['The Supreme Court has overturned Roe v. Wade, which guarantees access to abortion.', "This decision has significant implications for reproductive rights and women's health.", 'Chief Justice John Roberts, typically viewed as a moderate conservative, joined the conservative justices in the decision.', 'The decision is likely to result in abortion bans in approximately half of the states.', 'There is a sense of urgency and a call for action among those advocating for reproductive rights.']
2024-06-16 15:21:15,668 INFO  H***t Insights: ['Wade, ending federally guaranteed access to abortion.']
2024-06-16 15:22:57,237 INFO  a***l Insights: ["The Supreme Court's decision to overturn Roe v. Wade is a significant setback for reproductive rights.", 'The decision was supported by Chief Justice John Roberts.', 'The decision is expected to result in abortion bans in approximately half of the states.', "The decision has sparked concerns about the impact on women's health and autonomy.", 'The fight for reproductive rights and access to safe and legal abortions must continue.']
2024-06-16 15:23:12,660 INFO  P***n: Retweets a tweet of [a***l]: 'The Supreme Court's decision to overturn Roe v. Wade is a devastating blow to reproductive rights. This will have profound consequences for women's health and autonomy. We must continue to fight for bodily autonomy and access to safe and legal abortions. #ReproductiveRights #MyBodyMyChoice'.
2024-06-16 15:23:12,660 INFO  H***t: Retweets a tweet of [P***n]: 'Retweets a tweet of [ACLU]: 'The Supreme Court overturns Roe v. Wade, effectively ending nearly 50 years of federally guaranteed access to abortion.' with additional statements: This decision is devastating and puts women's lives at risk. We must fight to protect reproductive rights. #SaveRoe #Resist.'.
2024-06-16 15:23:12,660 INFO  a***l: The Supreme Court's decision to overturn Roe v. Wade is a significant blow to reproductive rights. We must not give up the fight! #ReproductiveRights #MyBodyMyChoice
2024-06-16 15:23:13,777 INFO  Tick tock. Current time: 2022-06-25 22:00:00
2024-06-16 15:23:50,242 INFO  a***l Insights: ["The Supreme Court's decision to overturn Roe v. Wade is likely to result in abortion bans in approximately half of the states.", "The decision has raised concerns about the impact on women's health and autonomy.", 'Chief Justice John Roberts supported the decision to overturn Roe v. Wade.', 'The decision is seen as a significant setback for reproductive rights.', 'Advocates for reproductive rights are determined to continue fighting for bodily autonomy and access to safe and legal abortions.']
2024-06-16 15:24:36,095 INFO  P***n Insights: ["The Supreme Court's decision to overturn Roe v. Wade is causing concern and outrage among individuals and organizations who support reproductive rights.", 'The decision is expected to lead to a significant number of states implementing abortion bans.', 'Chief Justice John Roberts, who is typically seen as a moderate conservative, aligned with the conservative justices in the decision.', "The decision poses a risk to women's health and autonomy."]
2024-06-16 15:25:21,676 INFO  H***t Insights: ['The Supreme Court has overturned Roe v. Wade, effectively ending federally guaranteed access to abortion.', "The decision to overturn Roe v. Wade is considered devastating and puts women's lives at risk.", 'The decision threatens to lead to abortion bans in roughly half the states in the nation.', "The overturning of Roe v. Wade is seen as a setback for women's rights and reproductive freedom.", 'There is a call to action to fight and protect reproductive rights, including the hashtag #SaveRoe.']
2024-06-16 15:26:33,640 INFO  a***l: The Supreme Court's decision to overturn Roe v. Wade is a significant blow to reproductive rights. We must not give up the fight! #ReproductiveRights #MyBodyMyChoice
2024-06-16 15:26:33,640 INFO  P***n: Retweets a tweet of [a***l]: 'Retweets a tweet of [a***l]: 'The Supreme Court's decision to overturn Roe v. Wade is a devastating blow to reproductive rights. This will have profound consequences for women's health and autonomy. We must continue to fight for bodily autonomy and access to safe and legal abortions. #ReproductiveRights #MyBodyMyChoice'.'.
2024-06-16 15:26:33,641 INFO  H***t: Retweets a tweet of [P***n]: 'The Supreme Court's decision to overturn Roe v. Wade is devastating for women's rights and reproductive freedom. This decision threatens to take us back to a time when safe and legal abortions were not accessible for many. We must continue to fight for women's autonomy and bodily autonomy! #ReproductiveRights #StandWithWomen'.
2024-06-16 15:26:35,004 INFO  Total spent: $0.042496
2024-06-16 15:27:55,975 WARNING  BMTools is not installed, tools in the simulation environment cannot be used. To install BMTools, please follow the instruction in the README.md file. If you aren't running a *simulation* case with tool, you can ignore this warning.
